<?xml version="1.0" encoding="UTF-8"?>
<!-- Generated by org.testng.reporters.JUnitXMLReporter -->
<testsuite ignored="0" hostname="RohanRB" failures="1" tests="1" name="TestLogin" time="8.978" errors="0" timestamp="2026-08-11T23:00:36 IST">
  <testcase classname="io.cucumber.testng.AbstractTestNGCucumberTests" name="runScenario" time="8.83">
    <failure type="io.cucumber.testng.UndefinedStepException" message="The step &amp;apos;User clicks on Login button&amp;apos; is undefined.
You can implement this step using the snippet(s) below:

@When(&amp;quot;User clicks on Login button&amp;quot;)
public void user_clicks_on_login_button() {
    // Write code here that turns the phrase above into concrete actions
    throw new io.cucumber.java.PendingException();
}
">
      <![CDATA[io.cucumber.testng.UndefinedStepException: The step 'User clicks on Login button' is undefined.
You can implement this step using the snippet(s) below:

@When("User clicks on Login button")
public void user_clicks_on_login_button() {
    // Write code here that turns the phrase above into concrete actions
    throw new io.cucumber.java.PendingException();
}

at ✽.User clicks on Login button(file:///D:/SeleniumTrainingWorkspace/FrameworkProject/src/test/java/features/Login.feature:7)
]]>
    </failure>
  </testcase> <!-- runScenario -->
</testsuite> <!-- TestLogin -->
