<?xml version="1.0" encoding="UTF-8"?>
<!-- Generated by org.testng.reporters.JUnitReportReporter -->
<testsuite hostname="RohanRB" failures="0" tests="1" name="runner.RunnerTestNG" time="9.540" errors="1" timestamp="2026-08-11T23:16:02 IST" skipped="0">
  <testcase classname="runner.RunnerTestNG" name="runScenario" time="9.540">
    <error message="The step &#039;User clicks on Login button&#039; is undefined.
You can implement this step using the snippet(s) below:

@When(&quot;User clicks on Login button&quot;)
public void user_clicks_on_login_button() {
    // Write code here that turns the phrase above into concrete actions
    throw new io.cucumber.java.PendingException();
}
" type="io.cucumber.testng.UndefinedStepException">
      <![CDATA[io.cucumber.testng.UndefinedStepException: The step 'User clicks on Login button' is undefined.
You can implement this step using the snippet(s) below:

@When("User clicks on Login button")
public void user_clicks_on_login_button() {
    // Write code here that turns the phrase above into concrete actions
    throw new io.cucumber.java.PendingException();
}

at ✽.User clicks on Login button(file:///D:/SeleniumTrainingWorkspace/FrameworkProject/src/test/java/features/Login.feature:7)
]]>
    </error>
  </testcase> <!-- runScenario -->
</testsuite> <!-- runner.RunnerTestNG -->
